
[테스트 일시: 2025-07-14T15:51:05.203594]
❌ 실행 실패: loop_summary_writer.py
MERG NOT subset; don't know how to subset; dropped
Traceback (most recent call last):
  File "C:\giwanos\giwanos_auto_loop\loop_summary_writer.py", line 31, in <module>
    generate_summary()
  File "C:\giwanos\giwanos_auto_loop\loop_summary_writer.py", line 27, in generate_summary
    print(f"\u2705 PDF 생성 완료 → {output_path}")
UnicodeEncodeError: 'cp949' codec can't encode character '\u2705' in position 0: illegal multibyte sequence
❌ 실행 실패: loop_mutator.py
Traceback (most recent call last):
  File "C:\giwanos\giwanos_auto_loop\loop_mutator.py", line 27, in <module>
    mutate_genes()
  File "C:\giwanos\giwanos_auto_loop\loop_mutator.py", line 23, in mutate_genes
    print(f"\u2705 루프 유전자 돌연변이 완료 → {path}")
UnicodeEncodeError: 'cp949' codec can't encode character '\u2705' in position 0: illegal multibyte sequence
❌ 예외 발생: loop_feedback_trainer.py
Command '['python', 'giwanos_auto_loop\\loop_feedback_trainer.py']' timed out after 20 seconds
❌ 실행 실패: upload_final_runner.py
Traceback (most recent call last):
  File "C:\giwanos\giwanos_auto_loop\upload_final_runner.py", line 88, in <module>
    print("\U0001f680 회고 PDF 자동 전송 루프 시작")
UnicodeEncodeError: 'cp949' codec can't encode character '\U0001f680' in position 0: illegal multibyte sequence
----------------------------------------
